<?xml version="1.0" encoding="UTF-8"?>
<!-- Generated by org.testng.reporters.JUnitXMLReporter -->
<testsuite hostname="NotFound" ignored="0" name="Allscripts" tests="2" failures="1" timestamp="22 Dec 2019 04:40:16 GMT" time="18.044" errors="0">
  <testcase name="demoTest" time="3.241" classname="com.maven.selenium.Demo">
    <failure type="org.openqa.selenium.SessionNotCreatedException" message="session not created: This version of ChromeDriver only supports Chrome version 80
Build info: version: &amp;apos;3.141.59&amp;apos;, revision: &amp;apos;e82be7d358&amp;apos;, time: &amp;apos;2018-11-14T08:17:03&amp;apos;
System info: host: &amp;apos;NOTFOUND&amp;apos;, ip: &amp;apos;192.168.15.1&amp;apos;, os.name: &amp;apos;Windows 8.1&amp;apos;, os.arch: &amp;apos;amd64&amp;apos;, os.version: &amp;apos;6.3&amp;apos;, java.version: &amp;apos;1.8.0_192&amp;apos;
Driver info: driver.version: ChromeDriver
remote stacktrace: Backtrace:
	Ordinal0 [0x01260AE3+1706723]
	Ordinal0 [0x011C68C1+1075393]
	Ordinal0 [0x0113DFA9+516009]
	Ordinal0 [0x010D0554+66900]
	Ordinal0 [0x010CCCE2+52450]
	Ordinal0 [0x010EBFD7+180183]
	Ordinal0 [0x010EBDDD+179677]
	Ordinal0 [0x010E9D4B+171339]
	Ordinal0 [0x010D1D4A+73034]
	Ordinal0 [0x010D2DC0+77248]
	Ordinal0 [0x010D2D59+77145]
	Ordinal0 [0x011DBB37+1162039]
	GetHandleVerifier [0x012FA7C6+508998]
	GetHandleVerifier [0x012FA504+508292]
	GetHandleVerifier [0x0130F617+594583]
	GetHandleVerifier [0x012FB036+511158]
	Ordinal0 [0x011D3FFC+1130492]
	Ordinal0 [0x011DD49B+1168539]
	Ordinal0 [0x011DD603+1168899]
	Ordinal0 [0x011F5B05+1268485]
	BaseThreadInitThunk [0x772C7C04+36]
	RtlInitializeExceptionChain [0x7766AB8F+143]
	RtlInitializeExceptionChain [0x7766AB5A+90]
">
      <![CDATA[org.openqa.selenium.SessionNotCreatedException: session not created: This version of ChromeDriver only supports Chrome version 80
Build info: version: '3.141.59', revision: 'e82be7d358', time: '2018-11-14T08:17:03'
System info: host: 'NOTFOUND', ip: '192.168.15.1', os.name: 'Windows 8.1', os.arch: 'amd64', os.version: '6.3', java.version: '1.8.0_192'
Driver info: driver.version: ChromeDriver
remote stacktrace: Backtrace:
Ordinal0 [0x01260AE3+1706723]
Ordinal0 [0x011C68C1+1075393]
Ordinal0 [0x0113DFA9+516009]
Ordinal0 [0x010D0554+66900]
Ordinal0 [0x010CCCE2+52450]
Ordinal0 [0x010EBFD7+180183]
Ordinal0 [0x010EBDDD+179677]
Ordinal0 [0x010E9D4B+171339]
Ordinal0 [0x010D1D4A+73034]
Ordinal0 [0x010D2DC0+77248]
Ordinal0 [0x010D2D59+77145]
Ordinal0 [0x011DBB37+1162039]
GetHandleVerifier [0x012FA7C6+508998]
GetHandleVerifier [0x012FA504+508292]
GetHandleVerifier [0x0130F617+594583]
GetHandleVerifier [0x012FB036+511158]
Ordinal0 [0x011D3FFC+1130492]
Ordinal0 [0x011DD49B+1168539]
Ordinal0 [0x011DD603+1168899]
Ordinal0 [0x011F5B05+1268485]
BaseThreadInitThunk [0x772C7C04+36]
RtlInitializeExceptionChain [0x7766AB8F+143]
RtlInitializeExceptionChain [0x7766AB5A+90]

at org.openqa.selenium.remote.W3CHandshakeResponse.lambda$errorHandler$0(W3CHandshakeResponse.java:62)
at org.openqa.selenium.remote.HandshakeResponse.lambda$getResponseFunction$0(HandshakeResponse.java:30)
at org.openqa.selenium.remote.ProtocolHandshake.lambda$createSession$0(ProtocolHandshake.java:126)
at java.util.stream.ReferencePipeline$3$1.accept(ReferencePipeline.java:193)
at java.util.Spliterators$ArraySpliterator.tryAdvance(Spliterators.java:958)
at java.util.stream.ReferencePipeline.forEachWithCancel(ReferencePipeline.java:126)
at java.util.stream.AbstractPipeline.copyIntoWithCancel(AbstractPipeline.java:498)
at java.util.stream.AbstractPipeline.copyInto(AbstractPipeline.java:485)
at java.util.stream.AbstractPipeline.wrapAndCopyInto(AbstractPipeline.java:471)
at java.util.stream.FindOps$FindOp.evaluateSequential(FindOps.java:152)
at java.util.stream.AbstractPipeline.evaluate(AbstractPipeline.java:234)
at java.util.stream.ReferencePipeline.findFirst(ReferencePipeline.java:464)
at org.openqa.selenium.remote.ProtocolHandshake.createSession(ProtocolHandshake.java:128)
at org.openqa.selenium.remote.ProtocolHandshake.createSession(ProtocolHandshake.java:74)
at org.openqa.selenium.remote.HttpCommandExecutor.execute(HttpCommandExecutor.java:136)
at org.openqa.selenium.remote.service.DriverCommandExecutor.execute(DriverCommandExecutor.java:83)
at org.openqa.selenium.remote.RemoteWebDriver.execute(RemoteWebDriver.java:552)
at org.openqa.selenium.remote.RemoteWebDriver.startSession(RemoteWebDriver.java:213)
at org.openqa.selenium.remote.RemoteWebDriver.<init>(RemoteWebDriver.java:131)
at org.openqa.selenium.chrome.ChromeDriver.<init>(ChromeDriver.java:181)
at org.openqa.selenium.chrome.ChromeDriver.<init>(ChromeDriver.java:168)
at org.openqa.selenium.chrome.ChromeDriver.<init>(ChromeDriver.java:123)
at com.maven.selenium.Demo.demoTest(Demo.java:12)
... Removed 29 stack frames]]>
    </failure>
  </testcase> <!-- demoTest -->
  <testcase name="sampletest" time="14.74" classname="com.maven.selenium.Sample"/>
</testsuite> <!-- Allscripts -->
